<?xml version="1.0" encoding="UTF-8"?>
<!-- Generated by org.testng.reporters.JUnitReportReporter -->
<testsuite skipped="0" hostname="Naveen" name="qaclickacademy.SeleniumTest" tests="2" failures="0" timestamp="12 Apr 2018 01:08:59 GMT" time="0.031" errors="0">
  <testcase name="browserAutomation" time="0.025" classname="qaclickacademy.SeleniumTest"/>
  <testcase name="elementsui" time="0.006" classname="qaclickacademy.SeleniumTest"/>
</testsuite> <!-- qaclickacademy.SeleniumTest -->
